[debug] [2020-09-21T10:15:46.035Z] ----------------------------------------------------------------------
[debug] [2020-09-21T10:15:46.036Z] Command:       /usr/local/bin/node /usr/local/bin/firebase deploy
[debug] [2020-09-21T10:15:46.037Z] CLI Version:   8.10.0
[debug] [2020-09-21T10:15:46.037Z] Platform:      linux
[debug] [2020-09-21T10:15:46.037Z] Node Version:  v12.18.1
[debug] [2020-09-21T10:15:46.037Z] Time:          Mon Sep 21 2020 15:45:46 GMT+0530 (India Standard Time)
[debug] [2020-09-21T10:15:46.037Z] ----------------------------------------------------------------------
[debug] [2020-09-21T10:15:46.037Z] 
[debug] [2020-09-21T10:15:46.043Z] > command requires scopes: ["email","openid","https://www.googleapis.com/auth/cloudplatformprojects.readonly","https://www.googleapis.com/auth/firebase","https://www.googleapis.com/auth/cloud-platform"]
[debug] [2020-09-21T10:15:46.043Z] > authorizing via signed-in user
[debug] [2020-09-21T10:15:46.044Z] [iam] checking project whatsapp-clone-1a3d4 for permissions ["firebase.projects.get","firebasehosting.sites.update"]
[debug] [2020-09-21T10:15:46.046Z] > refreshing access token with scopes: ["email","https://www.googleapis.com/auth/cloud-platform","https://www.googleapis.com/auth/cloudplatformprojects.readonly","https://www.googleapis.com/auth/firebase","openid"]
[debug] [2020-09-21T10:15:46.046Z] >>> HTTP REQUEST POST https://www.googleapis.com/oauth2/v3/token  
 <request body omitted>
[debug] [2020-09-21T10:15:46.245Z] <<< HTTP RESPONSE 200 {"content-type":"application/json; charset=utf-8","vary":"X-Origin, Referer, Origin,Accept-Encoding","date":"Mon, 21 Sep 2020 10:15:46 GMT","server":"scaffolding on HTTPServer2","cache-control":"private","x-xss-protection":"0","x-frame-options":"SAMEORIGIN","x-content-type-options":"nosniff","alt-svc":"h3-Q050=\":443\"; ma=2592000,h3-29=\":443\"; ma=2592000,h3-27=\":443\"; ma=2592000,h3-T051=\":443\"; ma=2592000,h3-T050=\":443\"; ma=2592000,h3-Q046=\":443\"; ma=2592000,h3-Q043=\":443\"; ma=2592000,quic=\":443\"; ma=2592000; v=\"46,43\"","accept-ranges":"none","transfer-encoding":"chunked"}
[debug] [2020-09-21T10:15:46.302Z] >>> HTTP REQUEST POST https://cloudresourcemanager.googleapis.com/v1/projects/whatsapp-clone-1a3d4:testIamPermissions  
 {"permissions":["firebase.projects.get","firebasehosting.sites.update"]}
[debug] [2020-09-21T10:15:47.827Z] <<< HTTP RESPONSE 200 {"content-type":"application/json; charset=UTF-8","vary":"X-Origin, Referer, Origin,Accept-Encoding","date":"Mon, 21 Sep 2020 10:15:47 GMT","server":"ESF","cache-control":"private","x-xss-protection":"0","x-frame-options":"SAMEORIGIN","x-content-type-options":"nosniff","server-timing":"gfet4t7; dur=1310","alt-svc":"h3-Q050=\":443\"; ma=2592000,h3-29=\":443\"; ma=2592000,h3-27=\":443\"; ma=2592000,h3-T051=\":443\"; ma=2592000,h3-T050=\":443\"; ma=2592000,h3-Q046=\":443\"; ma=2592000,h3-Q043=\":443\"; ma=2592000,quic=\":443\"; ma=2592000; v=\"46,43\"","accept-ranges":"none","transfer-encoding":"chunked"}
[debug] [2020-09-21T10:15:47.829Z] >>> HTTP REQUEST GET https://firebase.googleapis.com/v1beta1/projects/whatsapp-clone-1a3d4  
 
[debug] [2020-09-21T10:15:48.187Z] <<< HTTP RESPONSE 200 {"content-type":"application/json; charset=UTF-8","vary":"X-Origin, Referer, Origin,Accept-Encoding","date":"Mon, 21 Sep 2020 10:15:48 GMT","server":"ESF","cache-control":"private","x-xss-protection":"0","x-frame-options":"SAMEORIGIN","x-content-type-options":"nosniff","alt-svc":"h3-Q050=\":443\"; ma=2592000,h3-29=\":443\"; ma=2592000,h3-27=\":443\"; ma=2592000,h3-T051=\":443\"; ma=2592000,h3-T050=\":443\"; ma=2592000,h3-Q046=\":443\"; ma=2592000,h3-Q043=\":443\"; ma=2592000,quic=\":443\"; ma=2592000; v=\"46,43\"","accept-ranges":"none","transfer-encoding":"chunked"}
[info] 
[info] === Deploying to 'whatsapp-clone-1a3d4'...
[info] 
[info] i  deploying hosting 
[debug] [2020-09-21T10:15:48.192Z] >>> HTTP REQUEST POST https://firebasehosting.googleapis.com/v1beta1/sites/whatsapp-clone-1a3d4/versions  
 {"config":{},"labels":{"deployment-tool":"cli-firebase"}}
